

_______START OF SESSION_______




_______START OF SESSION_______




_______START OF SESSION_______


format_roll:: 12 --> 12
LOG IN ALERT [id [1]]:: pulak


_______START OF SESSION_______


format_roll:: 12 --> 12
LOG IN ALERT [id [2]]:: pulak


_______START OF SESSION_______


Exception on / [GET]
Traceback (most recent call last):
  File "/home/iem/.local/lib/python3.12/site-packages/flask/app.py", line 1473, in wsgi_app
    response = self.full_dispatch_request()
               ^^^^^^^^^^^^^^^^^^^^^^^^^^^^
  File "/home/iem/.local/lib/python3.12/site-packages/flask/app.py", line 882, in full_dispatch_request
    rv = self.handle_user_exception(e)
         ^^^^^^^^^^^^^^^^^^^^^^^^^^^^^
  File "/home/iem/.local/lib/python3.12/site-packages/flask/app.py", line 878, in full_dispatch_request
    rv = self.preprocess_request()
         ^^^^^^^^^^^^^^^^^^^^^^^^^
  File "/home/iem/.local/lib/python3.12/site-packages/flask/app.py", line 1253, in preprocess_request
    rv = self.ensure_sync(before_func)()
         ^^^^^^^^^^^^^^^^^^^^^^^^^^^^^^^
  File "/home/iem/upload_server/app.py", line 24, in limit_remote_addr
    abort(403)  # Forbidden
    ^^^^^
NameError: name 'abort' is not defined
Exception on /favicon.ico [GET]
Traceback (most recent call last):
  File "/home/iem/.local/lib/python3.12/site-packages/flask/app.py", line 1473, in wsgi_app
    response = self.full_dispatch_request()
               ^^^^^^^^^^^^^^^^^^^^^^^^^^^^
  File "/home/iem/.local/lib/python3.12/site-packages/flask/app.py", line 882, in full_dispatch_request
    rv = self.handle_user_exception(e)
         ^^^^^^^^^^^^^^^^^^^^^^^^^^^^^
  File "/home/iem/.local/lib/python3.12/site-packages/flask/app.py", line 878, in full_dispatch_request
    rv = self.preprocess_request()
         ^^^^^^^^^^^^^^^^^^^^^^^^^
  File "/home/iem/.local/lib/python3.12/site-packages/flask/app.py", line 1253, in preprocess_request
    rv = self.ensure_sync(before_func)()
         ^^^^^^^^^^^^^^^^^^^^^^^^^^^^^^^
  File "/home/iem/upload_server/app.py", line 24, in limit_remote_addr
    abort(403)  # Forbidden
    ^^^^^
NameError: name 'abort' is not defined


_______START OF SESSION_______




_______START OF SESSION_______




_______START OF SESSION_______




_______START OF SESSION_______




_______START OF SESSION_______




_______START OF SESSION_______




_______START OF SESSION_______




_______START OF SESSION_______


format_roll:: 22 --> 22
LOG IN ALERT [id [3]]:: Risav Rakshit
format_roll:: 31 --> 31
LOG IN ALERT [id [4]]:: AMIYA MISHU
make_fname:: ams2.c -->  mod: 31_12023052004031_[4]_ams2.c
UPLOAD ALERT:: ROLL: 31 --> ams2.c
make_fname:: amiya.c -->  mod: 31_12023052004031_[4]_amiya.c
UPLOAD ALERT:: ROLL: 31 --> amiya.c
process_fname:: 31_12023052004031_[4]_amiya.c --> ret:['amiya.c']
process_fname:: 31_12023052004031_[4]_ams2.c --> ret:['ams2.c']


_______START OF SESSION_______


LOG IN ALERT [id [5]]:: Risav Rakshit
UPLOAD ALERT:: ROLL: 22 --> 12023052004022_1.c
LOG IN ALERT [id [6]]:: Raushan kumar 
UPLOAD ALERT:: ROLL: 22 --> 12023052004022_2.c
LOG IN ALERT [id [7]]:: Parthib Mahapatra
LOG IN ALERT [id [8]]:: DEBOSMITA GHOSH
UPLOAD ALERT:: ROLL: 19 --> 12023052004019Q2.C
UPLOAD ALERT:: ROLL: 19 --> 12023052004019.Q1.c
UPLOAD ALERT:: ROLL: 35 --> exam2.c
UPLOAD ALERT:: ROLL: 35 --> llexam1.c
LOG IN ALERT [id [9]]:: Aditya Kumar Singh
LOG IN ALERT [id [10]]:: ARITRA PYNE
UPLOAD ALERT:: ROLL: 33 --> q1.c
UPLOAD ALERT:: ROLL: 33 --> q2.c
LOG IN ALERT [id [11]]:: AMIYA MISHU
UPLOAD ALERT:: ROLL: 31 --> ams2.c
UPLOAD ALERT:: ROLL: 31 --> amiya.c
LOG IN ALERT [id [12]]:: Ankit Shaw
LOG IN ALERT [id [13]]:: ANUSHKA MAITY
LOG IN ALERT [id [14]]:: Khandakar Nafees Hossain
UPLOAD ALERT:: ROLL: 21 --> 12023052004021_2.c
UPLOAD ALERT:: ROLL: 14 --> 12023052004014Q2.c
UPLOAD ALERT:: ROLL: 14 --> 12023052004014Q1.c
UPLOAD ALERT:: ROLL: 26 --> 12023052004026Q1.c
UPLOAD ALERT:: ROLL: 26 --> 12023052004026Q2.c
UPLOAD ALERT:: ROLL: 30 --> 12023052004030_2.c
UPLOAD ALERT:: ROLL: 30 --> 12023052004030_1.c
UPLOAD ALERT:: ROLL: 29 --> 12023052004029_(2).c
UPLOAD ALERT:: ROLL: 29 --> 12023052004029_(1).c
LOG IN ALERT [id [15]]:: Dhritiman Bera
LOG IN ALERT [id [16]]:: Raushan kumar 
UPLOAD ALERT:: ROLL: 21 --> 12023052004021_1.c
UPLOAD ALERT:: ROLL: 006 --> 12023052004006q2.c
UPLOAD ALERT:: ROLL: 006 --> 12023052004006Q1.c
LOG IN ALERT [id [17]]:: Nairanjana Chakraborty
LOG IN ALERT [id [18]]:: Abhrajit Samui
UPLOAD ALERT:: ROLL: 17 --> 12023052004017_1.c
UPLOAD ALERT:: ROLL: 25 --> 12023052004025_1.c
UPLOAD ALERT:: ROLL: 17 --> 12023052004017_1b.c
LOG IN ALERT [id [19]]:: Falak Rahman
UPLOAD ALERT:: ROLL: 09 --> 12023052004009_f.c
UPLOAD ALERT:: ROLL: 09 --> 12023052004009_f.c
UPLOAD ALERT:: ROLL: 09 --> 12023052004009_f.c
LOG IN ALERT [id [20]]:: Sakshi Gupta
LOG IN ALERT [id [21]]:: Deepan Pramanick
UPLOAD ALERT:: ROLL: 05 --> 2.c
UPLOAD ALERT:: ROLL: 05 --> 1.c
LOG IN ALERT [id [22]]:: Kartik Tulsian
UPLOAD ALERT:: ROLL: 36 --> 12023052004036_1_1.c
UPLOAD ALERT:: ROLL: 36 --> 12023052004036_1_2.c
LOG IN ALERT [id [23]]:: RAHUL ARYAN
LOG IN ALERT [id [24]]:: ANKIT 
LOG IN ALERT [id [25]]:: Anjan Suman
LOG IN ALERT [id [26]]:: ADRIKA KUNDU
UPLOAD ALERT:: ROLL: 41 --> 12023052004041_2.c
UPLOAD ALERT:: ROLL: 41 --> 12023052004041_1.c
UPLOAD ALERT:: ROLL: 38 --> 12023052004038_1.c
UPLOAD ALERT:: ROLL: 38 --> 12023052004038_2.c
UPLOAD ALERT:: ROLL: 01 --> 12023052004001_1.c
UPLOAD ALERT:: ROLL: 01 --> 12023052004001_2.c
UPLOAD ALERT:: ROLL: 28 --> question_1.c
LOG IN ALERT [id [27]]:: Kankana Bhaumik
LOG IN ALERT [id [28]]:: NAMAN KEJRIWAL
UPLOAD ALERT:: ROLL: 18 --> 12023052004018_1.c
LOG IN ALERT [id [29]]:: Anish Chatterjee
UPLOAD ALERT:: ROLL: 28 --> question_2.c
LOG IN ALERT [id [30]]:: Nabamita Sarkar
UPLOAD ALERT:: ROLL: 18 --> 12023052004018_2.c
LOG IN ALERT [id [31]]:: Rudraksh Rana
UPLOAD ALERT:: ROLL: 27 --> 12023052004027_1.c
UPLOAD ALERT:: ROLL: 27 --> 12023052004027_2.c
UPLOAD ALERT:: ROLL: 13 --> 1.c
UPLOAD ALERT:: ROLL: 13 --> 2.c
UPLOAD ALERT:: ROLL: 16 --> 12023052004016.c
UPLOAD ALERT:: ROLL: 18 --> 12023052004018_2.c
LOG IN ALERT [id [32]]:: AMIYA MISHU
LOG IN ALERT [id [33]]:: Rudraksh Rana
LOG IN ALERT [id [34]]:: ARITRA PYNE
UPLOAD ALERT:: ROLL: 39 --> 12023052004039_1.c
UPLOAD ALERT:: ROLL: 39 --> 12023052004039_2.c
UPLOAD ALERT:: ROLL: 31 --> 12023052004031_2.c
UPLOAD ALERT:: ROLL: 31 --> 12023052004031_1.c
UPLOAD ALERT:: ROLL: 33 --> q2.c
UPLOAD ALERT:: ROLL: 33 --> q1.c
LOG IN ALERT [id [35]]:: SINJAN CHATTERJEE
LOG IN ALERT [id [36]]:: ANKIT KUMAR
UPLOAD ALERT:: ROLL: 32 --> 12023052004032_1.c
UPLOAD ALERT:: ROLL: 32 --> 12023052004032_2.c
UPLOAD ALERT:: ROLL: 23 --> 12023052004023_2_1.c
UPLOAD ALERT:: ROLL: 23 --> 12023052004023_2_2.c
LOG IN ALERT [id [37]]:: SOUMIK DAS
LOG IN ALERT [id [38]]:: Bijay Mondal
UPLOAD ALERT:: ROLL: 34 --> 12023052004034_2.c
UPLOAD ALERT:: ROLL: 34 --> 12023052004034_1.c
LOG IN ALERT [id [39]]:: piyush kumar
UPLOAD ALERT:: ROLL: 37 --> 12023052004039_1.c
UPLOAD ALERT:: ROLL: 24 --> SOUMIKDAS_IT_24.c
UPLOAD ALERT:: ROLL: 24 --> soumik_it_24_2.c
LOG IN ALERT [id [40]]:: Falak Bhati
UPLOAD ALERT:: ROLL: 37 --> 12023052004037-2.c
LOG IN ALERT [id [41]]:: Anushka Singh
LOG IN ALERT [id [42]]:: Hans Raj Vats
UPLOAD ALERT:: ROLL: 008 --> 12023052004008_w.c
UPLOAD ALERT:: ROLL: 002 --> 12023052004002_1.c
UPLOAD ALERT:: ROLL: 10 --> 12023052004010_2.c
UPLOAD ALERT:: ROLL: 10 --> 12023052004010_1.c
UPLOAD ALERT:: ROLL: 008 --> 12023052004008_2.c
LOG IN ALERT [id [43]]:: JIYA BHATI
UPLOAD ALERT:: ROLL: 12 --> 12023052004012_1.c
UPLOAD ALERT:: ROLL: 12 --> 12023052004012_2.c
LOG IN ALERT [id [44]]:: AYUSHMAN GHOSH
LOG IN ALERT [id [45]]:: Raushan kumar 
LOG IN ALERT [id [46]]:: Praroop Anand
UPLOAD ALERT:: ROLL: 003 --> 12023052004003_2.c
LOG IN ALERT [id [47]]:: SAHIL KUMAR
UPLOAD ALERT:: ROLL: 40 --> 12023052004040_2_1.c
UPLOAD ALERT:: ROLL: 003 --> 12023052004003  1.c
UPLOAD ALERT:: ROLL: 40 --> 12023052004040_2_2.c
LOG IN ALERT [id [48]]:: Mohit Shaw
UPLOAD ALERT:: ROLL: 15 --> 12023052004015.c
LOG IN ALERT [id [49]]:: Debayan De
LOG IN ALERT [id [50]]:: Harshbardhan Raj
UPLOAD ALERT:: ROLL: 04 --> 12023052004004_1.c
UPLOAD ALERT:: ROLL: 04 --> 12023052004004_1.c
UPLOAD ALERT:: ROLL: 11 --> question_1.c
LOG IN ALERT [id [51]]:: Prar
UPLOAD ALERT:: ROLL: 20 --> Q1.c
UPLOAD ALERT:: ROLL: 20 --> Q1.c
UPLOAD ALERT:: ROLL: 11 --> question_2.c
UPLOAD ALERT:: ROLL: 20 --> Q2.c


_______START OF SESSION_______




_______START OF SESSION_______


LOG IN ALERT [id [52]]:: xyz
Exception on /upload [POST]
Traceback (most recent call last):
  File "/home/iem/.local/lib/python3.12/site-packages/flask/app.py", line 1473, in wsgi_app
    response = self.full_dispatch_request()
               ^^^^^^^^^^^^^^^^^^^^^^^^^^^^
  File "/home/iem/.local/lib/python3.12/site-packages/flask/app.py", line 882, in full_dispatch_request
    rv = self.handle_user_exception(e)
         ^^^^^^^^^^^^^^^^^^^^^^^^^^^^^
  File "/home/iem/.local/lib/python3.12/site-packages/flask/app.py", line 880, in full_dispatch_request
    rv = self.dispatch_request()
         ^^^^^^^^^^^^^^^^^^^^^^^
  File "/home/iem/.local/lib/python3.12/site-packages/flask/app.py", line 865, in dispatch_request
    return self.ensure_sync(self.view_functions[rule.endpoint])(**view_args)  # type: ignore[no-any-return]
           ^^^^^^^^^^^^^^^^^^^^^^^^^^^^^^^^^^^^^^^^^^^^^^^^^^^^^^^^^^^^^^^^^
  File "/home/iem/upload_server/app.py", line 106, in upload
    if(code_haserror(savefile)):
       ^^^^^^^^^^^^^
NameError: name 'code_haserror' is not defined. Did you mean: 'code_has_error'?


_______START OF SESSION_______


LOG IN ALERT [id [53]]:: xyz


_______START OF SESSION_______


LOG IN ALERT [id [54]]:: xyz
UPLOAD ALERT:: ROLL: 99 --> a_e.c


_______START OF SESSION_______


LOG IN ALERT [id [55]]:: xyz
UPLOAD ALERT:: ROLL: 99 --> a.c
UPLOAD ALERT:: ROLL: 99 --> a_e.c [NOTE:COMPILATION ERROR DETECTED]
UPLOAD ALERT:: ROLL: 99 --> a_w.c [NOTE:COMPILATION ERROR DETECTED]


_______START OF SESSION_______


LOG IN ALERT [id [56]]:: xyz
UPLOAD ALERT:: ROLL: 99 --> a.c
UPLOAD ALERT:: ROLL: 99 --> a_w.c
UPLOAD ALERT:: ROLL: 99 --> a_e.c [NOTE:COMPILATION ERROR DETECTED]


_______START OF SESSION_______


LOG IN ALERT [id [57]]:: xyz
UPLOAD ALERT:: ROLL: 99 --> a.c
UPLOAD ALERT:: ROLL: 99 --> a_e.c [NOTE:COMPILATION ERROR DETECTED]
UPLOAD ALERT:: ROLL: 99 --> a_w.c [NOTE:COMPILATION WARNING DETECTED]


_______START OF SESSION_______




_______START OF SESSION_______


LOG IN ALERT [id [58]]:: xyz
UPLOAD ALERT:: ROLL: 99 --> a.c
UPLOAD ALERT:: ROLL: 99 --> a_e.c [NOTE:COMPILATION ERROR DETECTED]
UPLOAD ALERT:: ROLL: 99 --> a_w.c [NOTE:COMPILATION WARNING DETECTED]
DELETE ALERT:: ROLL: 99 --> a_e.c
DELETE ALERT:: ROLL: 99 --> a_w.c
DELETE ALERT:: ROLL: 99 --> a.c
LOG IN ALERT [id [59]]:: Rudraksha Ranjan
UPLOAD ALERT:: ROLL: 56 --> Q1.c
LOG IN ALERT [id [60]]:: Swadesh Mondal
UPLOAD ALERT:: ROLL: 44 --> sem3q1.c
LOG IN ALERT [id [61]]:: Utkarsha Ghosh
UPLOAD ALERT:: ROLL: 67 --> A-67.c
LOG IN ALERT [id [62]]:: Shaikh Mohammed Asif Ahmad 
LOG IN ALERT [id [63]]:: Eshita Talukdar
UPLOAD ALERT:: ROLL: 52 --> prac1.c
LOG IN ALERT [id [64]]:: Sounak Sen
UPLOAD ALERT:: ROLL: 61 --> 12023052004061_1.c [NOTE:COMPILATION ERROR DETECTED]
UPLOAD ALERT:: ROLL: 61 --> 12023052004061_2.c [NOTE:COMPILATION ERROR DETECTED]
DELETE ALERT:: ROLL: 61 --> 12023052004061_2.c
DELETE ALERT:: ROLL: 61 --> 12023052004061_1.c
UPLOAD ALERT:: ROLL: 61 --> 12023052004061_1.c
LOG IN ALERT [id [65]]:: snehal shanu
LOG IN ALERT [id [66]]:: Sparsh Srivastava
LOG IN ALERT [id [67]]:: Koushor Roy Choudhury
UPLOAD ALERT:: ROLL: 77 --> ss4.c
UPLOAD ALERT:: ROLL: 54 --> 12023052004054_1.c
UPLOAD ALERT:: ROLL: 77 --> ss5.c [NOTE:COMPILATION ERROR DETECTED]
UPLOAD ALERT:: ROLL: 78 --> dsass2.c [NOTE:COMPILATION ERROR DETECTED]
UPLOAD ALERT:: ROLL: 78 --> dsass1.c [NOTE:COMPILATION ERROR DETECTED]
LOG IN ALERT [id [68]]:: shreya santosh
DELETE ALERT:: ROLL: 77 --> ss5.c
DELETE ALERT:: ROLL: 77 --> ss4.c
UPLOAD ALERT:: ROLL: 77 --> ss4.c
LOG IN ALERT [id [69]]:: Papan Ghosh
UPLOAD ALERT:: ROLL: 58 --> 12023052004058-b.c
UPLOAD ALERT:: ROLL: 58 --> 12023052004058.c
UPLOAD ALERT:: ROLL: 72 --> 12023052004072_2.c [NOTE:COMPILATION ERROR DETECTED]
UPLOAD ALERT:: ROLL: 72 --> 12023052004072_1.c
LOG IN ALERT [id [70]]:: Sayan Roy Chowdhury
UPLOAD ALERT:: ROLL: 77 --> ss1.c
LOG IN ALERT [id [71]]:: Md Sahil Ansari
LOG IN ALERT [id [72]]:: Sumit Das
UPLOAD ALERT:: ROLL: 81 --> 12023052004081_2.c [NOTE:COMPILATION ERROR DETECTED]
UPLOAD ALERT:: ROLL: 81 --> 12023052004081_1.c
LOG IN ALERT [id [73]]:: TANISHQ SINGH
UPLOAD ALERT:: ROLL: 80 --> 12023052004080_2.c
LOG IN ALERT [id [74]]:: Asmit Kundu 
UPLOAD ALERT:: ROLL: 55 --> 12023052004055a.c
UPLOAD ALERT:: ROLL: 55 --> 12023052004055b.c
UPLOAD ALERT:: ROLL: 49 --> 1.c
LOG IN ALERT [id [75]]:: Aayush Raj
UPLOAD ALERT:: ROLL: 61 --> 12023052004061_2.c [NOTE:COMPILATION ERROR DETECTED]
UPLOAD ALERT:: ROLL: 45 --> 12023052004045_1.c
UPLOAD ALERT:: ROLL: 49 --> 3.c
LOG IN ALERT [id [76]]:: Sefali Gupta
LOG IN ALERT [id [77]]:: Supratik Jana
UPLOAD ALERT:: ROLL: 57 --> 12023052004057-2.c
UPLOAD ALERT:: ROLL: 57 --> 12023052004057.c [NOTE:COMPILATION ERROR DETECTED]
UPLOAD ALERT:: ROLL: 79 --> Supratik1.c
LOG IN ALERT [id [78]]:: Sparsh Srivastava
UPLOAD ALERT:: ROLL: 78 --> dsass1.c [NOTE:COMPILATION ERROR DETECTED]
UPLOAD ALERT:: ROLL: 78 --> dsass2.c [NOTE:COMPILATION ERROR DETECTED]
LOG IN ALERT [id [79]]:: Aungshusmita DasGupta
LOG IN ALERT [id [80]]:: Kumar Arunav
DELETE ALERT:: ROLL: 57 --> 12023052004057.c
DELETE ALERT:: ROLL: 78 --> dsass2.c
UPLOAD ALERT:: ROLL: 57 --> 12023052004057.c
UPLOAD ALERT:: ROLL: 50 --> 12023052004050_1.c
UPLOAD ALERT:: ROLL: 78 --> dsass2.c [NOTE:COMPILATION ERROR DETECTED]
LOG IN ALERT [id [81]]:: Aayush Raj
UPLOAD ALERT:: ROLL: 46 --> 3.c
UPLOAD ALERT:: ROLL: 46 --> 1.c
UPLOAD ALERT:: ROLL: 45 --> 12023052004045_2.c
LOG IN ALERT [id [82]]:: ARKA CHAKRABORTY
UPLOAD ALERT:: ROLL: 70 --> Arka_exam1.c
LOG IN ALERT [id [83]]:: Shruti Kumari
UPLOAD ALERT:: ROLL: 76 --> 12023052004076-2.c
UPLOAD ALERT:: ROLL: 76 --> 12023052004076.c
LOG IN ALERT [id [84]]:: Soumya
LOG IN ALERT [id [85]]:: Aayush Raj
UPLOAD ALERT:: ROLL: 43 --> sem3q1.c
UPLOAD ALERT:: ROLL: 75 --> 12023052004075(Q2).c
LOG IN ALERT [id [86]]:: Shreya Ghosh
UPLOAD ALERT:: ROLL: 43 --> sem3q1.c
UPLOAD ALERT:: ROLL: 48 --> 12023052004048_1.c
DELETE ALERT:: ROLL: 43 --> sem3q1.c
UPLOAD ALERT:: ROLL: 43 --> sem3q1.c
LOG IN ALERT [id [87]]:: Sudip Paul
LOG IN ALERT [id [88]]:: Aratrika Dasgupta
UPLOAD ALERT:: ROLL: 69 --> 12023052004069-2.c
UPLOAD ALERT:: ROLL: 69 --> 12023052004069.c
UPLOAD ALERT:: ROLL: 64 --> Q1.c [NOTE:COMPILATION ERROR DETECTED]
LOG IN ALERT [id [89]]:: CHIRAG SANGHI
LOG IN ALERT [id [90]]:: Shaikh Mohammed Asif Ahmad
UPLOAD ALERT:: ROLL: 42 --> 12023052004042_1.c
LOG IN ALERT [id [91]]:: Abhijeet Kumar
LOG IN ALERT [id [92]]:: Swadesh Mondal
UPLOAD ALERT:: ROLL: 51 --> Chirag2 [NOTE:COMPILATION ERROR DETECTED]
UPLOAD ALERT:: ROLL: 68 --> 12023052004068_1.c
UPLOAD ALERT:: ROLL: 51 --> chirag1 [NOTE:COMPILATION ERROR DETECTED]
UPLOAD ALERT:: ROLL: 44 --> sem3q1.c
LOG IN ALERT [id [93]]:: ARYA SINGHA
LOG IN ALERT [id [94]]:: Shubham kumar
UPLOAD ALERT:: ROLL: 82 --> Arya1 [NOTE:COMPILATION ERROR DETECTED]
UPLOAD ALERT:: ROLL: 82 --> Arya2 [NOTE:COMPILATION ERROR DETECTED]
UPLOAD ALERT:: ROLL: 59 --> 12023052004059(b).c
UPLOAD ALERT:: ROLL: 59 --> 12023052004059(1).c
LOG IN ALERT [id [95]]:: Gautam kumar
UPLOAD ALERT:: ROLL: 53 --> 12023052004053(b).c [NOTE:COMPILATION ERROR DETECTED]
UPLOAD ALERT:: ROLL: 75 --> 12023052004075(Q1).c
UPLOAD ALERT:: ROLL: 53 --> 12023052004053.c [NOTE:COMPILATION ERROR DETECTED]
LOG IN ALERT [id [96]]:: Aayush Raj
LOG IN ALERT [id [97]]:: Khushi Soni
UPLOAD ALERT:: ROLL: 47 --> sem3q1.c
LOG IN ALERT [id [98]]:: Tanishq Singh
UPLOAD ALERT:: ROLL: 80 --> 12023052004075(Q2).c
LOG IN ALERT [id [99]]:: Gautam Kumar
DELETE ALERT:: ROLL: 80 --> 12023052004075(Q2).c
LOG IN ALERT [id [100]]:: Souvik Chel
LOG IN ALERT [id [101]]:: soumya
UPLOAD ALERT:: ROLL: 62 --> Souvik_exam.c
LOG IN ALERT [id [102]]:: Priyanshu Kumar
UPLOAD ALERT:: ROLL: 80 --> 12023052004080(Q1).c
UPLOAD ALERT:: ROLL: 70 --> Arka_exam2.c
UPLOAD ALERT:: ROLL: 53 --> 12023052004053_1.c
UPLOAD ALERT:: ROLL: 53 --> 12023052004053_2.c
UPLOAD ALERT:: ROLL: 73 --> 12023052004073_2.c
LOG IN ALERT [id [103]]:: sachin kumar yadav
UPLOAD ALERT:: ROLL: 74 --> 12023052004075(Q2).c
DELETE ALERT:: ROLL: 74 --> 12023052004075(Q2).c
UPLOAD ALERT:: ROLL: 79 --> supratik2.c [NOTE:COMPILATION ERROR DETECTED]
UPLOAD ALERT:: ROLL: 74 --> 12023052004074(Q2).c
DELETE ALERT:: ROLL: 73 --> 12023052004073_2.c
LOG IN ALERT [id [104]]:: Rudraksha Ranjan
UPLOAD ALERT:: ROLL: 67 --> A-67-2.c
LOG IN ALERT [id [105]]:: Abhijeet Kumar
LOG IN ALERT [id [106]]:: sristy chowdhury
UPLOAD ALERT:: ROLL: 68 --> 12023052004068_2.c
UPLOAD ALERT:: ROLL: 63 --> sristy.c [NOTE:COMPILATION ERROR DETECTED]
LOG IN ALERT [id [107]]:: KHUSHI SONI
UPLOAD ALERT:: ROLL: 63 --> sristy.c [NOTE:COMPILATION ERROR DETECTED]
UPLOAD ALERT:: ROLL: 63 --> sristy.c [NOTE:COMPILATION ERROR DETECTED]
UPLOAD ALERT:: ROLL: 47 --> 12023052004047_2.c
LOG IN ALERT [id [108]]:: Ayush Aman
LOG IN ALERT [id [109]]:: Sudip Paul
UPLOAD ALERT:: ROLL: 64 --> SudipPaul.c
UPLOAD ALERT:: ROLL: 71 --> 12023052004071_1.c
LOG IN ALERT [id [110]]:: Koushor Roy Choudhury
LOG IN ALERT [id [111]]:: Sudip Paul
LOG IN ALERT [id [112]]:: Ayush Aman
UPLOAD ALERT:: ROLL: 71 --> 12023052004071_2.c
LOG IN ALERT [id [113]]:: soumya
UPLOAD ALERT:: ROLL: 43 --> 12023052004043.c [NOTE:COMPILATION ERROR DETECTED]
UPLOAD ALERT:: ROLL: 54 --> 12023052004054_2.c
LOG IN ALERT [id [114]]:: Suranjana Mondal
UPLOAD ALERT:: ROLL: 65 --> 12023052004065_1.c [NOTE:COMPILATION ERROR DETECTED]
UPLOAD ALERT:: ROLL: 65 --> 12023052004065_2.c [NOTE:COMPILATION ERROR DETECTED]
LOG IN ALERT [id [115]]:: Aungshusmita DasGupta
UPLOAD ALERT:: ROLL: 50 --> 12023052004050_2.c
LOG IN ALERT [id [116]]:: Priyanshu Kumar
UPLOAD ALERT:: ROLL: 73 --> 12023052004073_2.c
LOG IN ALERT [id [117]]:: Priyanshu kumar
LOG IN ALERT [id [118]]:: Ayush Aman
LOG IN ALERT [id [119]]:: Utkarsha Ghosh
UPLOAD ALERT:: ROLL: 73 --> 12023052004073_1.c
LOG IN ALERT [id [120]]:: sachin kumar yadav
UPLOAD ALERT:: ROLL: 74 --> 12023052004080(Q1).c
LOG IN ALERT [id [121]]:: Priyanshu Kumar
DELETE ALERT:: ROLL: 74 --> 12023052004080(Q1).c
LOG IN ALERT [id [122]]:: Abhijeet Kumar
UPLOAD ALERT:: ROLL: 74 --> 12023052004074(Q1).c
LOG IN ALERT [id [123]]:: Swadesh Mondal
UPLOAD ALERT:: ROLL: 44 --> SemQ244.c
UPLOAD ALERT:: ROLL: 65 --> 12023052004065_1.c
LOG IN ALERT [id [124]]:: Eshita Talukdar
UPLOAD ALERT:: ROLL: 52 --> prac2.c
UPLOAD ALERT:: ROLL: 44 --> sem3q1.c
LOG IN ALERT [id [125]]:: Rudraksha Ranjan
LOG IN ALERT [id [126]]:: Tanvi Jesmi
UPLOAD ALERT:: ROLL: 56 --> Q2.c
UPLOAD ALERT:: ROLL: 66 --> 12023052004066_1.c
DELETE ALERT:: ROLL: 65 --> 12023052004065_2.c
UPLOAD ALERT:: ROLL: 65 --> 12023052004065_2.c [NOTE:COMPILATION ERROR DETECTED]
LOG IN ALERT [id [127]]:: Souvik chel
UPLOAD ALERT:: ROLL: 62 --> Q2.c
LOG IN ALERT [id [128]]:: Soumili Mukherjee
UPLOAD ALERT:: ROLL: 60 --> 60_2.c [NOTE:COMPILATION ERROR DETECTED]
UPLOAD ALERT:: ROLL: 60 --> 60_1.c [NOTE:COMPILATION ERROR DETECTED]


_______START OF SESSION_______




_______START OF SESSION_______


LOG IN ALERT [id [58]]:: Md Akram Islam Molla, ROLL: 30
LOG IN ALERT [id [59]]:: Md Akram Islam Molla, ROLL: 30
LOG IN ALERT [id [60]]:: Trishan Manna, ROLL: 14
LOG IN ALERT [id [61]]:: Anis purkait, ROLL: 39
UPLOAD ALERT:: ROLL: 30 --> ak.c [NOTE:COMPILATION ERROR DETECTED]
UPLOAD ALERT:: ROLL: 14 --> trishan_12023052017014 [NOTE:COMPILATION ERROR DETECTED]
UPLOAD ALERT:: ROLL: 39 --> anis_12023052017039.c [NOTE:COMPILATION ERROR DETECTED]
LOG IN ALERT [id [62]]:: Ayush Verma, ROLL: 26
UPLOAD ALERT:: ROLL: 26 --> 12023052017026_1.c
LOG IN ALERT [id [63]]:: Ankita Mandal, ROLL: 25
DELETE ALERT:: ROLL: 39 --> anis_12023052017039.c
LOG IN ALERT [id [64]]:: Shrutiparna Roy, ROLL: 04
UPLOAD ALERT:: ROLL: 04 --> SR2.c
LOG IN ALERT [id [65]]:: Shrayasi Chakraborty, ROLL: 03
UPLOAD ALERT:: ROLL: 03 --> SC1.c [NOTE:COMPILATION ERROR DETECTED]
UPLOAD ALERT:: ROLL: 04 --> SR.c
UPLOAD ALERT:: ROLL: 03 --> SC2.c [NOTE:COMPILATION ERROR DETECTED]
LOG IN ALERT [id [66]]:: Anik Bandopadhyay, ROLL: 23
DELETE ALERT:: ROLL: 14 --> trishan_12023052017014
UPLOAD ALERT:: ROLL: 23 --> 12023052017023.c
UPLOAD ALERT:: ROLL: 14 --> trishan_12023052017014.c [NOTE:COMPILATION ERROR DETECTED]
DELETE ALERT:: ROLL: 04 --> SR2.c
UPLOAD ALERT:: ROLL: 04 --> SR2.c
DELETE ALERT:: ROLL: 04 --> SR.c
DELETE ALERT:: ROLL: 04 --> SR2.c
UPLOAD ALERT:: ROLL: 04 --> SR1.c
UPLOAD ALERT:: ROLL: 04 --> SR2.c
LOG IN ALERT [id [67]]:: Amullyajit Nandi, ROLL: 07
UPLOAD ALERT:: ROLL: 07 --> AJN.c
UPLOAD ALERT:: ROLL: 07 --> AJN_2.c
LOG IN ALERT [id [68]]:: Agnibha Kundu, ROLL: 06
UPLOAD ALERT:: ROLL: 06 --> ag.c
UPLOAD ALERT:: ROLL: 06 --> ag1.c
DELETE ALERT:: ROLL: 06 --> ag.c
DELETE ALERT:: ROLL: 06 --> ag1.c
UPLOAD ALERT:: ROLL: 06 --> ag.c
UPLOAD ALERT:: ROLL: 06 --> ag1.c
LOG IN ALERT [id [69]]:: Sathi Bhattacharjee , ROLL: 02
LOG IN ALERT [id [70]]:: Ariktam De, ROLL: 40
UPLOAD ALERT:: ROLL: 02 --> 12023052017002_2.c
UPLOAD ALERT:: ROLL: 25 --> 12023052017025_2.c
UPLOAD ALERT:: ROLL: 25 --> 12023052017025_1.c
DELETE ALERT:: ROLL: 04 --> SR2.c
DELETE ALERT:: ROLL: 04 --> SR1.c
UPLOAD ALERT:: ROLL: 04 --> 12023052017004_2.c
UPLOAD ALERT:: ROLL: 04 --> 12023052017004_1.c
LOG IN ALERT [id [71]]:: Ledia Roy, ROLL: 08
UPLOAD ALERT:: ROLL: 08 --> 12023052017008_2.c
UPLOAD ALERT:: ROLL: 08 --> 12023052017008_1.c
LOG IN ALERT [id [72]]:: Utkarsha Bhuin, ROLL: 18
LOG IN ALERT [id [73]]:: SWASTIK BANERJEE, ROLL: 38
UPLOAD ALERT:: ROLL: 38 --> 12023052017038_1.c [NOTE:COMPILATION ERROR DETECTED]
LOG IN ALERT [id [74]]:: Hemabha Roy Chowdhury, ROLL: 33
UPLOAD ALERT:: ROLL: 33 --> 1.c [NOTE:COMPILATION ERROR DETECTED]
UPLOAD ALERT:: ROLL: 33 --> 2.c [NOTE:COMPILATION ERROR DETECTED]
LOG IN ALERT [id [75]]:: Soumyajit Ghosh, ROLL: 11
UPLOAD ALERT:: ROLL: 11 --> 1.c [NOTE:COMPILATION ERROR DETECTED]
DELETE ALERT:: ROLL: 04 --> 12023052017004_1.c
UPLOAD ALERT:: ROLL: 04 --> 12023052017004_1.c
DELETE ALERT:: ROLL: 04 --> 12023052017004_1.c
DELETE ALERT:: ROLL: 38 --> 12023052017038_1.c
UPLOAD ALERT:: ROLL: 38 --> DSALAB.c [NOTE:COMPILATION ERROR DETECTED]
UPLOAD ALERT:: ROLL: 18 --> 12023052017018_2.c
UPLOAD ALERT:: ROLL: 04 --> 12023052017004_1.c
DELETE ALERT:: ROLL: 38 --> DSALAB.c
UPLOAD ALERT:: ROLL: 38 --> DSALAB.c [NOTE:COMPILATION ERROR DETECTED]
LOG IN ALERT [id [76]]:: Paramartha Ghosh, ROLL: 10
UPLOAD ALERT:: ROLL: 10 --> maw2.c [NOTE:COMPILATION WARNING DETECTED]
UPLOAD ALERT:: ROLL: 10 --> maw.c
LOG IN ALERT [id [77]]:: Sanjana Hazra, ROLL: 16
LOG IN ALERT [id [78]]:: Ayusman Guru, ROLL: 27
LOG IN ALERT [id [79]]:: Debajyoti Roy, ROLL: 09
UPLOAD ALERT:: ROLL: 16 --> 12023052017016_2.c
UPLOAD ALERT:: ROLL: 16 --> 12023052017016.c
UPLOAD ALERT:: ROLL: 39 --> anis_12023052017039.c [NOTE:COMPILATION ERROR DETECTED]
LOG IN ALERT [id [80]]:: AGNIJIT BASU, ROLL: 31
UPLOAD ALERT:: ROLL: 31 --> 12023052017031_1.c
UPLOAD ALERT:: ROLL: 31 --> 12023052017031_2.c
UPLOAD ALERT:: ROLL: 09 --> debajyotiroy09iotcsbt.c [NOTE:COMPILATION ERROR DETECTED]
LOG IN ALERT [id [81]]:: Sounak Maji, ROLL: 21
UPLOAD ALERT:: ROLL: 21 --> LAB1.c
UPLOAD ALERT:: ROLL: 21 --> LAB2.c [NOTE:COMPILATION WARNING DETECTED]
LOG IN ALERT [id [82]]:: PRINCE KUMAR, ROLL: 34
UPLOAD ALERT:: ROLL: 34 --> 12023025017034_2.c.c
DELETE ALERT:: ROLL: 33 --> 1.c
DELETE ALERT:: ROLL: 33 --> 2.c
UPLOAD ALERT:: ROLL: 33 --> 1.c [NOTE:COMPILATION ERROR DETECTED]
UPLOAD ALERT:: ROLL: 33 --> 2.c [NOTE:COMPILATION ERROR DETECTED]
LOG IN ALERT [id [83]]:: Aniruddha Ghosh, ROLL: 24
UPLOAD ALERT:: ROLL: 24 --> 12023052017024_1.c
UPLOAD ALERT:: ROLL: 24 --> 12023052017024.c
LOG IN ALERT [id [84]]:: RISHI RAJ KARN, ROLL: 36
UPLOAD ALERT:: ROLL: 23 --> 12023052017023_2.c
UPLOAD ALERT:: ROLL: 36 --> 12023052017036_set6.c [NOTE:COMPILATION ERROR DETECTED]
UPLOAD ALERT:: ROLL: 02 --> 12023052017002_1.c
UPLOAD ALERT:: ROLL: 23 --> 12023052017023_2.c
UPLOAD ALERT:: ROLL: 23 --> 12023052017023.c
UPLOAD ALERT:: ROLL: 09 --> debajyotiroy09iotcsbt.c [NOTE:COMPILATION ERROR DETECTED]
LOG IN ALERT [id [85]]:: KUNTAL GOSWAMI, ROLL: 28
LOG IN ALERT [id [86]]:: Abhyuday Deb, ROLL: 05
UPLOAD ALERT:: ROLL: 28 --> 12023052017028_set6.c [NOTE:COMPILATION ERROR DETECTED]
UPLOAD ALERT:: ROLL: 05 --> dsapracexm.c
LOG IN ALERT [id [87]]:: Ayushman Koley, ROLL: 32
UPLOAD ALERT:: ROLL: 07 --> AJN.c
UPLOAD ALERT:: ROLL: 07 --> AJN_2.c
UPLOAD ALERT:: ROLL: 32 --> 12023052017032.c
UPLOAD ALERT:: ROLL: 32 --> 12023052017032_2.c
LOG IN ALERT [id [88]]:: Vaibhav Pansari, ROLL: 22
UPLOAD ALERT:: ROLL: 18 --> 12023052017018_1.c
LOG IN ALERT [id [89]]:: Amullyajit Nandi, ROLL: 07
UPLOAD ALERT:: ROLL: 07 --> AJN.c
UPLOAD ALERT:: ROLL: 22 --> vaibhav2.c
DELETE ALERT:: ROLL: 22 --> vaibhav2.c
UPLOAD ALERT:: ROLL: 07 --> AJN_2.c
UPLOAD ALERT:: ROLL: 22 --> vaibhav.c
UPLOAD ALERT:: ROLL: 22 --> vaibhav2.c
DELETE ALERT:: ROLL: 06 --> ag1.c
UPLOAD ALERT:: ROLL: 06 --> ag1.c
LOG IN ALERT [id [90]]:: Manish Nayek, ROLL: 29
UPLOAD ALERT:: ROLL: 29 --> seccsbt1.c [NOTE:COMPILATION ERROR DETECTED]
LOG IN ALERT [id [91]]:: SWAPNIL ROY GUPTA, ROLL: 13
UPLOAD ALERT:: ROLL: 13 --> 12023052017013_1.c [NOTE:COMPILATION ERROR DETECTED]
DELETE ALERT:: ROLL: 26 --> 12023052017026_1.c
LOG IN ALERT [id [92]]:: MOHAMMED ARAFAT SHAHID, ROLL: 19
UPLOAD ALERT:: ROLL: 19 --> btree.c [NOTE:COMPILATION ERROR DETECTED]
LOG IN ALERT [id [93]]:: Swayanjit Biswas, ROLL: 17
UPLOAD ALERT:: ROLL: 26 --> 12023052017026_2_.c
UPLOAD ALERT:: ROLL: 26 --> 12023052017026_1_.c
UPLOAD ALERT:: ROLL: 17 --> Binarytree_17.c [NOTE:COMPILATION ERROR DETECTED]
LOG IN ALERT [id [94]]:: Pritam Dalal, ROLL: 20
UPLOAD ALERT:: ROLL: 20 --> pritam.c [NOTE:COMPILATION ERROR DETECTED]
LOG IN ALERT [id [95]]:: Souherdya Sarkar, ROLL: 37
DELETE ALERT:: ROLL: 38 --> DSALAB.c
UPLOAD ALERT:: ROLL: 38 --> DSALAB.c [NOTE:COMPILATION ERROR DETECTED]
LOG IN ALERT [id [96]]:: Rajdeb Sen, ROLL: 35
UPLOAD ALERT:: ROLL: 37 --> LinkedListPalindrome.c
UPLOAD ALERT:: ROLL: 35 --> rajdebsen_exam.c [NOTE:COMPILATION ERROR DETECTED]
UPLOAD ALERT:: ROLL: 37 --> TreeTraversals.c
DELETE ALERT:: ROLL: 26 --> 12023052017026_2_.c
DELETE ALERT:: ROLL: 26 --> 12023052017026_1_.c
UPLOAD ALERT:: ROLL: 26 --> 12023052017026_list.c
UPLOAD ALERT:: ROLL: 40 --> 12023052017040.c [NOTE:COMPILATION ERROR DETECTED]
UPLOAD ALERT:: ROLL: 26 --> 12023052017026_tree.c
UPLOAD ALERT:: ROLL: 27 --> 12023052017027.c [NOTE:COMPILATION ERROR DETECTED]
UPLOAD ALERT:: ROLL: 13 --> 12023052017013_2.c [NOTE:COMPILATION ERROR DETECTED]
LOG IN ALERT [id [97]]:: Pallab Bhattacharyya, ROLL: 01
UPLOAD ALERT:: ROLL: 20 --> 12023052017020.c [NOTE:COMPILATION ERROR DETECTED]
UPLOAD ALERT:: ROLL: 01 --> Tree.c [NOTE:COMPILATION ERROR DETECTED]
DELETE ALERT:: ROLL: 13 --> 12023052017013_2.c
DELETE ALERT:: ROLL: 13 --> 12023052017013_1.c
LOG IN ALERT [id [98]]:: Srishti Raj, ROLL: 12
UPLOAD ALERT:: ROLL: 01 --> palindrome.c [NOTE:COMPILATION ERROR DETECTED]
UPLOAD ALERT:: ROLL: 12 --> Srishti_2.c [NOTE:COMPILATION ERROR DETECTED]
UPLOAD ALERT:: ROLL: 29 --> seccsbt_2.c [NOTE:COMPILATION ERROR DETECTED]
UPLOAD ALERT:: ROLL: 13 --> 12023052017013_1.c [NOTE:COMPILATION ERROR DETECTED]
UPLOAD ALERT:: ROLL: 11 --> 1.c [NOTE:COMPILATION ERROR DETECTED]
UPLOAD ALERT:: ROLL: 12 --> Srishti_1.c [NOTE:COMPILATION ERROR DETECTED]
UPLOAD ALERT:: ROLL: 13 --> 12023052017013_2.c [NOTE:COMPILATION ERROR DETECTED]
LOG IN ALERT [id [99]]:: Tuhin Bhowmick, ROLL: 15
UPLOAD ALERT:: ROLL: 15 --> T1.c [NOTE:COMPILATION ERROR DETECTED]
UPLOAD ALERT:: ROLL: 15 --> T2.c [NOTE:COMPILATION ERROR DETECTED]
UPLOAD ALERT:: ROLL: 17 --> Palindrome_17.c [NOTE:COMPILATION ERROR DETECTED]
LOG IN ALERT [id [100]]:: MOHAMMED ARAFAT SHAHID, ROLL: 19
UPLOAD ALERT:: ROLL: 19 --> pdrome.c [NOTE:COMPILATION ERROR DETECTED]
LOG IN ALERT [id [101]]:: Komal Kumari Shaw, ROLL: 43
LOG IN ALERT [id [102]]:: Debangshu Chatterjee, ROLL: 55
LOG IN ALERT [id [103]]:: Riddhiman Roy Chowdhury, ROLL: 49
LOG IN ALERT [id [104]]:: Krishna Singh, ROLL: 48
LOG IN ALERT [id [105]]:: Anubhav Biswas, ROLL: 46
LOG IN ALERT [id [106]]:: Ankush Sarkar, ROLL: 59
LOG IN ALERT [id [107]]:: pushan seth, ROLL: 70
LOG IN ALERT [id [108]]:: Siddhartha Das, ROLL: 51
LOG IN ALERT [id [109]]:: Aaryan Gupta, ROLL: 72
LOG IN ALERT [id [110]]:: Rhythm Saha, ROLL: 65
LOG IN ALERT [id [111]]:: Ananya Mukhopadhyay, ROLL: 47
LOG IN ALERT [id [112]]:: Sumit kumar, ROLL: 80
LOG IN ALERT [id [113]]:: Shaikh Abrar Rahaman, ROLL: 42
LOG IN ALERT [id [114]]:: Sayan Das, ROLL: 57
LOG IN ALERT [id [115]]::       ALOKITA DUTA                                         , ROLL: 58
LOG IN ALERT [id [116]]:: Nandona Ghosh, ROLL: 76
LOG IN ALERT [id [117]]:: Sambit Bhunia, ROLL: 41
LOG IN ALERT [id [118]]::       ALOKITA DUTA                                         , ROLL: 58


_______START OF SESSION_______


LOG IN ALERT [id [58]]:: Mayank Soni, ROLL: 73
LOG IN ALERT [id [59]]:: Manish Kumar, ROLL: 79
LOG IN ALERT [id [60]]:: Subhojit Roy, ROLL: 75
LOG IN ALERT [id [61]]:: Sumit kumar, ROLL: 80
LOG IN ALERT [id [62]]:: Soham Kundu, ROLL: 74
LOG IN ALERT [id [63]]:: Anubhav Biswas, ROLL: 46
UPLOAD ALERT:: ROLL: 46 --> INORDER.c [NOTE:COMPILATION ERROR DETECTED]
UPLOAD ALERT:: ROLL: 46 --> LLExam.c [NOTE:COMPILATION ERROR DETECTED]
DELETE ALERT:: ROLL: 46 --> INORDER.c
LOG IN ALERT [id [64]]:: Krishna Singh, ROLL: 48
UPLOAD ALERT:: ROLL: 48 --> 12023052017048.c
UPLOAD ALERT:: ROLL: 80 --> one.c [NOTE:COMPILATION ERROR DETECTED]
UPLOAD ALERT:: ROLL: 80 --> two.c [NOTE:COMPILATION ERROR DETECTED]
UPLOAD ALERT:: ROLL: 48 --> doc.c [NOTE:COMPILATION ERROR DETECTED]
UPLOAD ALERT:: ROLL: 46 --> INORDER.c [NOTE:COMPILATION ERROR DETECTED]
UPLOAD ALERT:: ROLL: 79 --> question1.c [NOTE:COMPILATION ERROR DETECTED]
LOG IN ALERT [id [65]]:: Shaikh Abrar Rahaman, ROLL: 42
UPLOAD ALERT:: ROLL: 42 --> 12023052017042_1.c [NOTE:COMPILATION ERROR DETECTED]
UPLOAD ALERT:: ROLL: 75 --> q1.c [NOTE:COMPILATION ERROR DETECTED]
UPLOAD ALERT:: ROLL: 74 --> link.c
LOG IN ALERT [id [66]]:: Sayan Das, ROLL: 57
DELETE ALERT:: ROLL: 79 --> question1.c
UPLOAD ALERT:: ROLL: 79 --> question1.c [NOTE:COMPILATION ERROR DETECTED]
LOG IN ALERT [id [67]]:: Rounik Kumar Maiti, ROLL: 66
UPLOAD ALERT:: ROLL: 57 --> qq1.c
UPLOAD ALERT:: ROLL: 57 --> lacqq2.c
LOG IN ALERT [id [68]]:: Anubhab mandal, ROLL: 60
DELETE ALERT:: ROLL: 80 --> one.c
DELETE ALERT:: ROLL: 80 --> two.c
UPLOAD ALERT:: ROLL: 60 --> 12023052017060_1.c [NOTE:COMPILATION ERROR DETECTED]
UPLOAD ALERT:: ROLL: 80 --> one.c [NOTE:COMPILATION ERROR DETECTED]
UPLOAD ALERT:: ROLL: 80 --> two.c [NOTE:COMPILATION ERROR DETECTED]
LOG IN ALERT [id [69]]:: Spandan Mukherjee, ROLL: 52
LOG IN ALERT [id [70]]:: Tanishka Shahdev, ROLL: 44
UPLOAD ALERT:: ROLL: 42 --> 12023052017042_2.c [NOTE:COMPILATION ERROR DETECTED]
UPLOAD ALERT:: ROLL: 73 --> exam_mayank.c [NOTE:COMPILATION ERROR DETECTED]
LOG IN ALERT [id [71]]:: Diksha Rai, ROLL: 62
UPLOAD ALERT:: ROLL: 62 --> test2.c
LOG IN ALERT [id [72]]:: pushan seth, ROLL: 70
LOG IN ALERT [id [73]]:: Arunabha Dey, ROLL: 77
UPLOAD ALERT:: ROLL: 77 --> Arun.c
UPLOAD ALERT:: ROLL: 77 --> Arunabha.c
LOG IN ALERT [id [74]]:: Rhythm saha, ROLL: 65
DELETE ALERT:: ROLL: 77 --> Arunabha.c
UPLOAD ALERT:: ROLL: 65 --> 12023052017065_1.c
UPLOAD ALERT:: ROLL: 77 --> Arunabha.c
LOG IN ALERT [id [75]]:: Debangshu Chatterjee, ROLL: 55
UPLOAD ALERT:: ROLL: 55 --> 12023052017055.2.c
LOG IN ALERT [id [76]]:: Riddhiman Roy Chowdhury, ROLL: 49
UPLOAD ALERT:: ROLL: 49 --> 12023052017049_1.c
UPLOAD ALERT:: ROLL: 49 --> 12023052017049_2.c
UPLOAD ALERT:: ROLL: 55 --> 12023052017055a.c [NOTE:COMPILATION ERROR DETECTED]
UPLOAD ALERT:: ROLL: 55 --> 12023052017055.1.c
LOG IN ALERT [id [77]]:: Nandona Ghosh, ROLL: 76
UPLOAD ALERT:: ROLL: 76 --> 12023052017076.c
LOG IN ALERT [id [78]]:: DIKSHA RAI, ROLL: 62
UPLOAD ALERT:: ROLL: 62 --> dsa1.c
LOG IN ALERT [id [79]]:: Antor Biswas, ROLL: 71
UPLOAD ALERT:: ROLL: 71 --> 12023052017071_1.c
UPLOAD ALERT:: ROLL: 71 --> 12023052017071_2.c
UPLOAD ALERT:: ROLL: 71 --> 12023052017071_1.c
LOG IN ALERT [id [80]]:: Soumil Jana, ROLL: 67
LOG IN ALERT [id [81]]:: Souradeep Ghosh, ROLL: 78
UPLOAD ALERT:: ROLL: 78 --> 12023052017078_1.c
UPLOAD ALERT:: ROLL: 78 --> 12023052017078_2.c
LOG IN ALERT [id [82]]:: Komal Kumari Shaw, ROLL: 43
UPLOAD ALERT:: ROLL: 67 --> 12023052017067_1_1.c
UPLOAD ALERT:: ROLL: 43 --> exam43.c
LOG IN ALERT [id [83]]:: Aranya Rath, ROLL: 54
UPLOAD ALERT:: ROLL: 67 --> 12023052017067_2.c
UPLOAD ALERT:: ROLL: 54 --> 12023052017054.c [NOTE:COMPILATION ERROR DETECTED]
DELETE ALERT:: ROLL: 76 --> 12023052017076.c
UPLOAD ALERT:: ROLL: 76 --> 12023052017023.c
DELETE ALERT:: ROLL: 76 --> 12023052017023.c
UPLOAD ALERT:: ROLL: 76 --> 12023052017076.c
LOG IN ALERT [id [84]]:: Arnab Kumar Bhowmik, ROLL: 69
UPLOAD ALERT:: ROLL: 70 --> pushanexam.c
LOG IN ALERT [id [85]]:: Karan Jaiswal, ROLL: 45
UPLOAD ALERT:: ROLL: 69 --> 12023052017069_2.c
UPLOAD ALERT:: ROLL: 69 --> 12023052017069_1.c
LOG IN ALERT [id [86]]:: Sumit Kumar Das, ROLL: 53
UPLOAD ALERT:: ROLL: 53 --> 12023052017053_1.c
UPLOAD ALERT:: ROLL: 70 --> pushanexam.c
UPLOAD ALERT:: ROLL: 70 --> pushanexam1.c [NOTE:COMPILATION ERROR DETECTED]
LOG IN ALERT [id [87]]:: Jaya Datta, ROLL: 81
LOG IN ALERT [id [88]]:: Tanishka Shahdev, ROLL: 44
LOG IN ALERT [id [89]]:: Spandan Mukherjee, ROLL: 52
UPLOAD ALERT:: ROLL: 44 --> 12023052017044_1.c [NOTE:COMPILATION ERROR DETECTED]
UPLOAD ALERT:: ROLL: 81 --> 12021002017067.c
UPLOAD ALERT:: ROLL: 70 --> pushanexam1.c [NOTE:COMPILATION ERROR DETECTED]
LOG IN ALERT [id [90]]:: Spandan Mukherjee, ROLL: 52
UPLOAD ALERT:: ROLL: 70 --> pushanexam1.c [NOTE:COMPILATION ERROR DETECTED]
DELETE ALERT:: ROLL: 70 --> pushanexam1.c
LOG IN ALERT [id [91]]:: Spandan Mukherjee, ROLL: 52
UPLOAD ALERT:: ROLL: 70 --> pushanexam1.c [NOTE:COMPILATION ERROR DETECTED]
LOG IN ALERT [id [92]]:: Spandan Mukherjee, ROLL: 52
UPLOAD ALERT:: ROLL: 52 --> linked1.c
UPLOAD ALERT:: ROLL: 52 --> bst.c [NOTE:COMPILATION ERROR DETECTED]
LOG IN ALERT [id [93]]:: sreyasi mondal, ROLL: 68
LOG IN ALERT [id [94]]:: Karan Jaiswal, ROLL: 45
UPLOAD ALERT:: ROLL: 68 --> exam1.c
LOG IN ALERT [id [95]]:: Ankush Sarkar, ROLL: 59
UPLOAD ALERT:: ROLL: 45 --> 12023052017045_1.c [NOTE:COMPILATION WARNING DETECTED]
UPLOAD ALERT:: ROLL: 59 --> 12023052017059_1.c [NOTE:COMPILATION ERROR DETECTED]
UPLOAD ALERT:: ROLL: 59 --> 12023052017059_2.c [NOTE:COMPILATION ERROR DETECTED]
UPLOAD ALERT:: ROLL: 45 --> 12023052017045_2.c [NOTE:COMPILATION ERROR DETECTED]
LOG IN ALERT [id [96]]:: Rounik Kumar Maiti, ROLL: 66
UPLOAD ALERT:: ROLL: 43 --> q_2.c [NOTE:COMPILATION ERROR DETECTED]
UPLOAD ALERT:: ROLL: 66 --> 12023052017066_1.c
LOG IN ALERT [id [97]]:: Ananya Mukhopadhyay, ROLL: 47
LOG IN ALERT [id [98]]:: ALOKITA DUTA, ROLL: 58
DELETE ALERT:: ROLL: 45 --> 12023052017045_1.c
DELETE ALERT:: ROLL: 45 --> 12023052017045_2.c
UPLOAD ALERT:: ROLL: 58 --> 12023052017058.c [NOTE:COMPILATION ERROR DETECTED]
UPLOAD ALERT:: ROLL: 47 --> 12023052017047_1.c [NOTE:COMPILATION ERROR DETECTED]
LOG IN ALERT [id [99]]:: ROHAN SINGH RAWAT, ROLL: 50
UPLOAD ALERT:: ROLL: 47 --> 12023052017047_1.c [NOTE:COMPILATION ERROR DETECTED]
DELETE ALERT:: ROLL: 59 --> 12023052017059_2.c
LOG IN ALERT [id [100]]:: Karan Jaiswal, ROLL: 45
LOG IN ALERT [id [101]]:: Sambitr Bhuniua, ROLL: 41
UPLOAD ALERT:: ROLL: 41 --> 12023052017041.c [NOTE:COMPILATION ERROR DETECTED]
UPLOAD ALERT:: ROLL: 59 --> 12023052017059_2.c [NOTE:COMPILATION ERROR DETECTED]
LOG IN ALERT [id [102]]:: Karan Jaiswal, ROLL: 45
LOG IN ALERT [id [103]]:: sreyasi mondal, ROLL: 68
UPLOAD ALERT:: ROLL: 69 --> 12023052017069_1.c
UPLOAD ALERT:: ROLL: 45 --> 12023052017045_2.c [NOTE:COMPILATION ERROR DETECTED]
UPLOAD ALERT:: ROLL: 45 --> 12023052017045_1..c
UPLOAD ALERT:: ROLL: 45 --> 12023052017045_1.c [NOTE:COMPILATION WARNING DETECTED]
DELETE ALERT:: ROLL: 45 --> 12023052017045_1.c
UPLOAD ALERT:: ROLL: 45 --> 12023052017045_2.c [NOTE:COMPILATION ERROR DETECTED]
LOG IN ALERT [id [104]]:: sreyasi mondal, ROLL: 68
UPLOAD ALERT:: ROLL: 68 --> exam.c [NOTE:COMPILATION ERROR DETECTED]
LOG IN ALERT [id [105]]:: Siddhartha Das, ROLL: 51
UPLOAD ALERT:: ROLL: 53 --> 12023052017053_2.c
UPLOAD ALERT:: ROLL: 51 --> 12023052017051_2.c
UPLOAD ALERT:: ROLL: 51 --> 12023052017051_1.c
UPLOAD ALERT:: ROLL: 50 --> exam1.c
UPLOAD ALERT:: ROLL: 50 --> exam2.c [NOTE:COMPILATION ERROR DETECTED]
LOG IN ALERT [id [106]]:: Kaustav Saha, ROLL: 63
LOG IN ALERT [id [107]]:: Pankaj Gop, ROLL: 64
UPLOAD ALERT:: ROLL: 64 --> 12023052017064_1.c
UPLOAD ALERT:: ROLL: 64 --> 12023052017064_2.c
LOG IN ALERT [id [108]]:: Aritra Chowdhury, ROLL: 61
UPLOAD ALERT:: ROLL: 44 --> 12023052017044_2.c [NOTE:COMPILATION ERROR DETECTED]
UPLOAD ALERT:: ROLL: 61 --> 12023052017061_1.c
UPLOAD ALERT:: ROLL: 61 --> 12023052017061_2.c [NOTE:COMPILATION ERROR DETECTED]
UPLOAD ALERT:: ROLL: 65 --> 12023052017065_2.c
UPLOAD ALERT:: ROLL: 63 --> 12023052017063_1.c
UPLOAD ALERT:: ROLL: 63 --> 12023052017063_2.c [NOTE:COMPILATION ERROR DETECTED]
LOG IN ALERT [id [109]]:: Soham Kundu, ROLL: 74
UPLOAD ALERT:: ROLL: 74 --> 2.c [NOTE:COMPILATION ERROR DETECTED]
DELETE ALERT:: ROLL: 50 --> exam2.c
UPLOAD ALERT:: ROLL: 74 --> link.c
UPLOAD ALERT:: ROLL: 50 --> exam2.c [NOTE:COMPILATION ERROR DETECTED]
UPLOAD ALERT:: ROLL: 47 --> 12023052017047_2.c [NOTE:COMPILATION ERROR DETECTED]
LOG IN ALERT [id [110]]:: Aaryan Gupta, ROLL: 72
UPLOAD ALERT:: ROLL: 72 --> 12023052017072.c [NOTE:COMPILATION ERROR DETECTED]
UPLOAD ALERT:: ROLL: 72 --> 12023052017072_2.c [NOTE:COMPILATION ERROR DETECTED]
LOG IN ALERT [id [111]]:: Alokita Dutta, ROLL: 58
UPLOAD ALERT:: ROLL: 58 --> 12023052017058_1.c
DELETE ALERT:: ROLL: 58 --> 12023052017058.c
UPLOAD ALERT:: ROLL: 61 --> 12023052017061_1.c
